<?xml version="1.0" encoding="UTF-8"?>
<testsuite name="com.example.board.BoardApplicationTests" tests="1" skipped="0" failures="0" errors="0" timestamp="2025-10-22T14:29:54.304Z" hostname="Rockui-MacBookPro.local" time="0.246">
  <properties/>
  <testcase name="contextLoads()" classname="com.example.board.BoardApplicationTests" time="0.246"/>
  <system-out><![CDATA[23:29:52.719 [Test worker] INFO org.springframework.test.context.support.AnnotationConfigContextLoaderUtils -- Could not detect default configuration classes for test class [com.example.board.BoardApplicationTests]: BoardApplicationTests does not declare any static, non-private, non-final, nested classes annotated with @Configuration.
23:29:52.760 [Test worker] INFO org.springframework.boot.test.context.SpringBootTestContextBootstrapper -- Found @SpringBootConfiguration com.example.board.BoardApplication for test class com.example.board.BoardApplicationTests

  .   ____          _            __ _ _
 /\\ / ___'_ __ _ _(_)_ __  __ _ \ \ \ \
( ( )\___ | '_ | '_| | '_ \/ _` | \ \ \ \
 \\/  ___)| |_)| | | | | || (_| |  ) ) ) )
  '  |____| .__|_| |_|_| |_\__, | / / / /
 =========|_|==============|___/=/_/_/_/

 :: Spring Boot ::               (v3.4.10)

2025-10-22T23:29:52.888+09:00  INFO 76058 --- [board] [    Test worker] c.example.board.BoardApplicationTests    : Starting BoardApplicationTests using Java 25 with PID 76058 (started by rock in /Users/rock/Documents/dev-codes/board)
2025-10-22T23:29:52.888+09:00  INFO 76058 --- [board] [    Test worker] c.example.board.BoardApplicationTests    : No active profile set, falling back to 1 default profile: "default"
2025-10-22T23:29:53.117+09:00  INFO 76058 --- [board] [    Test worker] .s.d.r.c.RepositoryConfigurationDelegate : Bootstrapping Spring Data JPA repositories in DEFAULT mode.
2025-10-22T23:29:53.175+09:00  INFO 76058 --- [board] [    Test worker] .s.d.r.c.RepositoryConfigurationDelegate : Finished Spring Data repository scanning in 53 ms. Found 1 JPA repository interface.
2025-10-22T23:29:53.382+09:00  INFO 76058 --- [board] [    Test worker] o.hibernate.jpa.internal.util.LogHelper  : HHH000204: Processing PersistenceUnitInfo [name: default]
2025-10-22T23:29:53.398+09:00  INFO 76058 --- [board] [    Test worker] org.hibernate.Version                    : HHH000412: Hibernate ORM core version 6.6.29.Final
2025-10-22T23:29:53.410+09:00  INFO 76058 --- [board] [    Test worker] o.h.c.internal.RegionFactoryInitiator    : HHH000026: Second-level cache disabled
2025-10-22T23:29:53.508+09:00  INFO 76058 --- [board] [    Test worker] o.s.o.j.p.SpringPersistenceUnitInfo      : No LoadTimeWeaver setup: ignoring JPA class transformer
2025-10-22T23:29:53.519+09:00  INFO 76058 --- [board] [    Test worker] com.zaxxer.hikari.HikariDataSource       : HikariPool-1 - Starting...
2025-10-22T23:29:53.587+09:00  INFO 76058 --- [board] [    Test worker] com.zaxxer.hikari.pool.HikariPool        : HikariPool-1 - Added connection conn0: url=jdbc:h2:mem:testdb user=SA
2025-10-22T23:29:53.587+09:00  INFO 76058 --- [board] [    Test worker] com.zaxxer.hikari.HikariDataSource       : HikariPool-1 - Start completed.
2025-10-22T23:29:53.596+09:00  WARN 76058 --- [board] [    Test worker] org.hibernate.orm.deprecation            : HHH90000025: H2Dialect does not need to be specified explicitly using 'hibernate.dialect' (remove the property setting and it will be selected by default)
2025-10-22T23:29:53.604+09:00  INFO 76058 --- [board] [    Test worker] org.hibernate.orm.connections.pooling    : HHH10001005: Database info:
	Database JDBC URL [Connecting through datasource 'HikariDataSource (HikariPool-1)']
	Database driver: undefined/unknown
	Database version: 2.3.232
	Autocommit mode: undefined/unknown
	Isolation level: undefined/unknown
	Minimum pool size: undefined/unknown
	Maximum pool size: undefined/unknown
2025-10-22T23:29:53.900+09:00  INFO 76058 --- [board] [    Test worker] o.h.e.t.j.p.i.JtaPlatformInitiator       : HHH000489: No JTA platform available (set 'hibernate.transaction.jta.platform' to enable JTA platform integration)
Hibernate: 
    drop table if exists posts cascade 
Hibernate: 
    create table posts (
        created_at timestamp(6) not null,
        id bigint generated by default as identity,
        title varchar(200) not null,
        content TEXT not null,
        primary key (id)
    )
2025-10-22T23:29:53.913+09:00  INFO 76058 --- [board] [    Test worker] j.LocalContainerEntityManagerFactoryBean : Initialized JPA EntityManagerFactory for persistence unit 'default'
2025-10-22T23:29:54.157+09:00  WARN 76058 --- [board] [    Test worker] JpaBaseConfiguration$JpaWebConfiguration : spring.jpa.open-in-view is enabled by default. Therefore, database queries may be performed during view rendering. Explicitly configure spring.jpa.open-in-view to disable this warning
2025-10-22T23:29:54.267+09:00  INFO 76058 --- [board] [    Test worker] o.s.b.a.h2.H2ConsoleAutoConfiguration    : H2 console available at '/h2-console'. Database available at 'jdbc:h2:mem:testdb'
2025-10-22T23:29:54.298+09:00  INFO 76058 --- [board] [    Test worker] c.example.board.BoardApplicationTests    : Started BoardApplicationTests in 1.488 seconds (process running for 1.879)
]]></system-out>
  <system-err><![CDATA[Mockito is currently self-attaching to enable the inline-mock-maker. This will no longer work in future releases of the JDK. Please add Mockito as an agent to your build what is described in Mockito's documentation: https://javadoc.io/doc/org.mockito/mockito-core/latest/org/mockito/Mockito.html#0.3
WARNING: A Java agent has been loaded dynamically (/Users/rock/.gradle/caches/modules-2/files-2.1/net.bytebuddy/byte-buddy-agent/1.15.11/a38b16385e867f59a641330f0362ebe742788ed8/byte-buddy-agent-1.15.11.jar)
WARNING: If a serviceability tool is in use, please run with -XX:+EnableDynamicAgentLoading to hide this warning
WARNING: If a serviceability tool is not in use, please run with -Djdk.instrument.traceUsage for more information
WARNING: Dynamic loading of agents will be disallowed by default in a future release
]]></system-err>
</testsuite>
